Determining if the pthread_create exist failed with the following output:
Change Dir: /home/mb/Synchronized/Desktop/MIPT/enterprise programming/01, square equation solver/build/CMakeFiles/CMakeTmp

Run Build Command:"/usr/bin/make" "cmTC_6f8c2/fast"
/usr/bin/make -f CMakeFiles/cmTC_6f8c2.dir/build.make CMakeFiles/cmTC_6f8c2.dir/build
make[1]: вход в каталог «/home/mb/Synchronized/Desktop/MIPT/enterprise programming/01, square equation solver/build/CMakeFiles/CMakeTmp»
Building C object CMakeFiles/cmTC_6f8c2.dir/CheckSymbolExists.c.o
/usr/bin/cc     -o CMakeFiles/cmTC_6f8c2.dir/CheckSymbolExists.c.o   -c "/home/mb/Synchronized/Desktop/MIPT/enterprise programming/01, square equation solver/build/CMakeFiles/CMakeTmp/CheckSymbolExists.c"
Linking C executable cmTC_6f8c2
/usr/bin/cmake -E cmake_link_script CMakeFiles/cmTC_6f8c2.dir/link.txt --verbose=1
/usr/bin/cc       CMakeFiles/cmTC_6f8c2.dir/CheckSymbolExists.c.o  -o cmTC_6f8c2 -rdynamic 
CMakeFiles/cmTC_6f8c2.dir/CheckSymbolExists.c.o: In function `main':
CheckSymbolExists.c:(.text+0x1b): undefined reference to `pthread_create'
collect2: error: ld returned 1 exit status
CMakeFiles/cmTC_6f8c2.dir/build.make:97: ошибка выполнения рецепта для цели «cmTC_6f8c2»
make[1]: *** [cmTC_6f8c2] Ошибка 1
make[1]: выход из каталога «/home/mb/Synchronized/Desktop/MIPT/enterprise programming/01, square equation solver/build/CMakeFiles/CMakeTmp»
Makefile:126: ошибка выполнения рецепта для цели «cmTC_6f8c2/fast»
make: *** [cmTC_6f8c2/fast] Ошибка 2

File /home/mb/Synchronized/Desktop/MIPT/enterprise programming/01, square equation solver/build/CMakeFiles/CMakeTmp/CheckSymbolExists.c:
/* */
#include <pthread.h>

int main(int argc, char** argv)
{
  (void)argv;
#ifndef pthread_create
  return ((int*)(&pthread_create))[argc];
#else
  (void)argc;
  return 0;
#endif
}

